<?xml version="1.0" encoding="UTF-8"?>
<testng-results skipped="0" failed="0" ignored="0" total="1" passed="1">
  <reporter-output>
  </reporter-output>
  <suite name="Default suite" duration-ms="208485" started-at="2020-03-05T14:42:43 IST" finished-at="2020-03-05T14:46:12 IST">
    <groups>
    </groups>
    <test name="Default test" duration-ms="208485" started-at="2020-03-05T14:42:43 IST" finished-at="2020-03-05T14:46:12 IST">
      <class name="org.testzoom.leafzoom.TC001.TC001">
        <test-method status="PASS" signature="StartApp()[pri:0, instance:org.testzoom.leafzoom.TC001.TC001@23faf8f2]" name="StartApp" is-config="true" duration-ms="180772" started-at="2020-03-05T14:42:43 IST" finished-at="2020-03-05T14:45:44 IST">
          <reporter-output>
          </reporter-output>
        </test-method> <!-- StartApp -->
        <test-method status="PASS" signature="TestCase()[pri:0, instance:org.testzoom.leafzoom.TC001.TC001@23faf8f2]" name="TestCase" duration-ms="27548" started-at="2020-03-05T14:45:44 IST" finished-at="2020-03-05T14:46:12 IST">
          <reporter-output>
          </reporter-output>
        </test-method> <!-- TestCase -->
      </class> <!-- org.testzoom.leafzoom.TC001.TC001 -->
    </test> <!-- Default test -->
  </suite> <!-- Default suite -->
</testng-results>
